<?xml version="1.0" encoding="UTF-8"?>
<robot generator="Robot 4.1.3 (Python 3.10.2 on win32)" generated="20220307 22:51:42.598" rpa="false" schemaversion="2">
<suite id="s1" name="Specs &amp; Trabalhe Conosco">
<suite id="s1-s1" name="Specs" source="C:\Users\hp\RobootFramework\Specs">
<suite id="s1-s1-s1" name="Trabalhe Conosco" source="C:\Users\hp\RobootFramework\Specs\trabalhe_conosco.robot">
<kw name="Open Browser" type="SETUP">
<arg>about:blank</arg>
<arg>chrome</arg>
<msg timestamp="20220307 22:51:43.156" level="FAIL">No keyword with name 'Open Browser' found.</msg>
<status status="FAIL" starttime="20220307 22:51:43.155" endtime="20220307 22:51:43.156"/>
</kw>
<test id="s1-s1-s1-t1" name="Test">
<status status="FAIL" starttime="20220307 22:51:43.157" endtime="20220307 22:51:43.159">Parent suite setup failed:
No keyword with name 'Open Browser' found.</status>
</test>
<kw name="Close Browser" type="TEARDOWN">
<msg timestamp="20220307 22:51:43.163" level="FAIL">No keyword with name 'Close Browser' found.</msg>
<status status="FAIL" starttime="20220307 22:51:43.163" endtime="20220307 22:51:43.163">No keyword with name 'Close Browser' found.</status>
</kw>
<status status="FAIL" starttime="20220307 22:51:43.093" endtime="20220307 22:51:43.163">Suite setup failed:
No keyword with name 'Open Browser' found.

Also suite teardown failed:
No keyword with name 'Close Browser' found.</status>
</suite>
<status status="FAIL" starttime="20220307 22:51:43.078" endtime="20220307 22:51:43.163"/>
</suite>
<suite id="s1-s2" name="Trabalhe Conosco" source="C:\Users\hp\RobootFramework\Specs\trabalhe_conosco.robot">
<kw name="Open Browser" type="SETUP">
<arg>about:blank</arg>
<arg>chrome</arg>
<msg timestamp="20220307 22:51:43.220" level="FAIL">No keyword with name 'Open Browser' found.</msg>
<status status="FAIL" starttime="20220307 22:51:43.219" endtime="20220307 22:51:43.220"/>
</kw>
<test id="s1-s2-t1" name="Test">
<status status="FAIL" starttime="20220307 22:51:43.220" endtime="20220307 22:51:43.222">Parent suite setup failed:
No keyword with name 'Open Browser' found.</status>
</test>
<kw name="Close Browser" type="TEARDOWN">
<msg timestamp="20220307 22:51:43.237" level="FAIL">No keyword with name 'Close Browser' found.</msg>
<status status="FAIL" starttime="20220307 22:51:43.237" endtime="20220307 22:51:43.237">No keyword with name 'Close Browser' found.</status>
</kw>
<status status="FAIL" starttime="20220307 22:51:43.179" endtime="20220307 22:51:43.238">Suite setup failed:
No keyword with name 'Open Browser' found.

Also suite teardown failed:
No keyword with name 'Close Browser' found.</status>
</suite>
<status status="FAIL" starttime="20220307 22:51:42.650" endtime="20220307 22:51:43.245"/>
</suite>
<statistics>
<total>
<stat pass="0" fail="2" skip="0">All Tests</stat>
</total>
<tag>
</tag>
<suite>
<stat pass="0" fail="2" skip="0" id="s1" name="Specs &amp; Trabalhe Conosco">Specs &amp; Trabalhe Conosco</stat>
<stat pass="0" fail="1" skip="0" id="s1-s1" name="Specs">Specs &amp; Trabalhe Conosco.Specs</stat>
<stat pass="0" fail="1" skip="0" id="s1-s1-s1" name="Trabalhe Conosco">Specs &amp; Trabalhe Conosco.Specs.Trabalhe Conosco</stat>
<stat pass="0" fail="1" skip="0" id="s1-s2" name="Trabalhe Conosco">Specs &amp; Trabalhe Conosco.Trabalhe Conosco</stat>
</suite>
</statistics>
<errors>
<msg timestamp="20220307 22:51:43.094" level="ERROR">Error in file 'C:\Users\hp\RobootFramework\Specs\trabalhe_conosco.robot' on line 9: Setting variable '${url}= http://www.primecontrol.com.br/trabalhe-conosco/' failed: Invalid variable name '${url}= http://www.primecontrol.com.br/trabalhe-conosco/'.</msg>
<msg timestamp="20220307 22:51:43.112" level="ERROR">Error in file 'C:\Users\hp\RobootFramework\Specs\trabalhe_conosco.robot' on line 3: Importing library 'seleniumLibrary' failed: ModuleNotFoundError: No module named 'seleniumLibrary'
Traceback (most recent call last):
  None
PYTHONPATH:
  C:\Users\hp\AppData\Local\Programs\Python\Python310\Scripts\robot.exe
  C:\Users\hp\AppData\Local\Programs\Python\Python310\python310.zip
  C:\Users\hp\AppData\Local\Programs\Python\Python310\DLLs
  C:\Users\hp\AppData\Local\Programs\Python\Python310\lib
  C:\Users\hp\AppData\Local\Programs\Python\Python310
  C:\Users\hp\AppData\Local\Programs\Python\Python310\lib\site-packages</msg>
<msg timestamp="20220307 22:51:43.179" level="ERROR">Error in file 'C:\Users\hp\RobootFramework\Specs\trabalhe_conosco.robot' on line 9: Setting variable '${url}= http://www.primecontrol.com.br/trabalhe-conosco/' failed: Invalid variable name '${url}= http://www.primecontrol.com.br/trabalhe-conosco/'.</msg>
<msg timestamp="20220307 22:51:43.195" level="ERROR">Error in file 'C:\Users\hp\RobootFramework\Specs\trabalhe_conosco.robot' on line 3: Importing library 'seleniumLibrary' failed: ModuleNotFoundError: No module named 'seleniumLibrary'
Traceback (most recent call last):
  None
PYTHONPATH:
  C:\Users\hp\AppData\Local\Programs\Python\Python310\Scripts\robot.exe
  C:\Users\hp\AppData\Local\Programs\Python\Python310\python310.zip
  C:\Users\hp\AppData\Local\Programs\Python\Python310\DLLs
  C:\Users\hp\AppData\Local\Programs\Python\Python310\lib
  C:\Users\hp\AppData\Local\Programs\Python\Python310
  C:\Users\hp\AppData\Local\Programs\Python\Python310\lib\site-packages</msg>
</errors>
</robot>
